<?xml version="1.0" encoding="UTF-8" standalone="no"?>
<!DOCTYPE log SYSTEM "logger.dtd">
<log>
<record>
  <date>2018-06-28T14:16:26.515-0300</date>
  <logger>WESLEY HENRIQUE ARAUJO MONTE</logger>
  <level>FINE</level>
  <message>File 117110739-WESLEY HENRIQUE ARAUJO MONTE.zip was received. It was sent by WESLEY HENRIQUE ARAUJO MONTE from IP 150.165.42.153</message>
</record>
</log>
<?xml version="1.0" encoding="UTF-8" standalone="no"?>
<!DOCTYPE log SYSTEM "logger.dtd">
<log>
<record>
  <date>2018-06-28T22:55:45.228-0300</date>
  <logger>WESLEY HENRIQUE ARAUJO MONTE</logger>
  <level>FINE</level>
  <message>File 117110739-WESLEY HENRIQUE ARAUJO MONTE.zip was received. It was sent by WESLEY HENRIQUE ARAUJO MONTE from IP 192.168.15.3</message>
</record>
</log>
<?xml version="1.0" encoding="UTF-8" standalone="no"?>
<!DOCTYPE log SYSTEM "logger.dtd">
<log>
<record>
  <date>2018-06-28T23:50:29.949-0300</date>
  <logger>WESLEY HENRIQUE ARAUJO MONTE</logger>
  <level>FINE</level>
  <message>File 117110739-WESLEY HENRIQUE ARAUJO MONTE.zip was received. It was sent by WESLEY HENRIQUE ARAUJO MONTE from IP 192.168.15.3</message>
</record>
</log>
<?xml version="1.0" encoding="UTF-8" standalone="no"?>
<!DOCTYPE log SYSTEM "logger.dtd">
<log>
<record>
  <date>2018-06-28T23:55:56.809-0300</date>
  <logger>WESLEY HENRIQUE ARAUJO MONTE</logger>
  <level>FINE</level>
  <message>File 117110739-WESLEY HENRIQUE ARAUJO MONTE.zip was received. It was sent by WESLEY HENRIQUE ARAUJO MONTE from IP 192.168.15.3</message>
</record>
