<?xml version="1.0" encoding="UTF-8" standalone="no"?>
<!DOCTYPE log SYSTEM "logger.dtd">
<log>
<record>
  <date>2018-07-16T16:03:48.183-0300</date>
  <logger>VITORIA HELIANE PEREIRA DOS SANTOS SOBRINHA</logger>
  <level>FINE</level>
  <message>File 117110666-VITORIA HELIANE PEREIRA DOS SANTOS SOBRINHA.zip was received. It was sent by VITORIA HELIANE PEREIRA DOS SANTOS SOBRINHA from IP 150.165.42.151</message>
</record>
</log>
<?xml version="1.0" encoding="UTF-8" standalone="no"?>
<!DOCTYPE log SYSTEM "logger.dtd">
<log>
<record>
  <date>2018-07-16T16:06:00.278-0300</date>
  <logger>VITORIA HELIANE PEREIRA DOS SANTOS SOBRINHA</logger>
  <level>FINE</level>
  <message>File 117110666-VITORIA HELIANE PEREIRA DOS SANTOS SOBRINHA.zip was received. It was sent by VITORIA HELIANE PEREIRA DOS SANTOS SOBRINHA from IP 150.165.42.151</message>
</record>
</log>
<?xml version="1.0" encoding="UTF-8" standalone="no"?>
<!DOCTYPE log SYSTEM "logger.dtd">
<log>
<record>
  <date>2018-07-16T16:08:02.856-0300</date>
  <logger>VITORIA HELIANE PEREIRA DOS SANTOS SOBRINHA</logger>
  <level>FINE</level>
  <message>File 117110666-VITORIA HELIANE PEREIRA DOS SANTOS SOBRINHA.zip was received. It was sent by VITORIA HELIANE PEREIRA DOS SANTOS SOBRINHA from IP 150.165.42.151</message>
</record>
</log>
<?xml version="1.0" encoding="UTF-8" standalone="no"?>
<!DOCTYPE log SYSTEM "logger.dtd">
<log>
<record>
  <date>2018-07-18T15:48:21.698-0300</date>
  <logger>VITORIA HELIANE PEREIRA DOS SANTOS SOBRINHA</logger>
  <level>FINE</level>
  <message>File 117110666-VITORIA HELIANE PEREIRA DOS SANTOS SOBRINHA.zip was received. It was sent by VITORIA HELIANE PEREIRA DOS SANTOS SOBRINHA from IP 150.165.74.119</message>
</record>
</log>
<?xml version="1.0" encoding="UTF-8" standalone="no"?>
<!DOCTYPE log SYSTEM "logger.dtd">
<log>
<record>
  <date>2018-07-18T15:54:21.374-0300</date>
  <logger>VITORIA HELIANE PEREIRA DOS SANTOS SOBRINHA</logger>
  <level>FINE</level>
  <message>File 117110666-VITORIA HELIANE PEREIRA DOS SANTOS SOBRINHA.zip was received. It was sent by VITORIA HELIANE PEREIRA DOS SANTOS SOBRINHA from IP 150.165.74.119</message>
</record>
</log>
<?xml version="1.0" encoding="UTF-8" standalone="no"?>
<!DOCTYPE log SYSTEM "logger.dtd">
<log>
<record>
  <date>2018-07-18T15:58:52.404-0300</date>
  <logger>VITORIA HELIANE PEREIRA DOS SANTOS SOBRINHA</logger>
  <level>FINE</level>
  <message>File 117110666-VITORIA HELIANE PEREIRA DOS SANTOS SOBRINHA.zip was received. It was sent by VITORIA HELIANE PEREIRA DOS SANTOS SOBRINHA from IP 150.165.74.119</message>
</record>
