<?xml version="1.0" encoding="UTF-8" standalone="no"?>
<!DOCTYPE log SYSTEM "logger.dtd">
<log>
<record>
  <date>2018-06-11T16:08:58.551-0300</date>
  <logger>WESLEY HENRIQUE ARAUJO MONTE</logger>
  <level>FINE</level>
  <message>File 117110739-WESLEY HENRIQUE ARAUJO MONTE.zip was received. It was sent by WESLEY HENRIQUE ARAUJO MONTE from IP 192.168.15.4</message>
</record>
</log>
<?xml version="1.0" encoding="UTF-8" standalone="no"?>
<!DOCTYPE log SYSTEM "logger.dtd">
<log>
<record>
  <date>2018-06-13T22:11:31.571-0300</date>
  <logger>WESLEY HENRIQUE ARAUJO MONTE</logger>
  <level>FINE</level>
  <message>File 117110739-WESLEY HENRIQUE ARAUJO MONTE.zip was received. It was sent by WESLEY HENRIQUE ARAUJO MONTE from IP 192.168.15.4</message>
</record>
</log>
<?xml version="1.0" encoding="UTF-8" standalone="no"?>
<!DOCTYPE log SYSTEM "logger.dtd">
<log>
<record>
  <date>2018-06-14T00:14:15.099-0300</date>
  <logger>WESLEY HENRIQUE ARAUJO MONTE</logger>
  <level>FINE</level>
  <message>File 117110739-WESLEY HENRIQUE ARAUJO MONTE.zip was received. It was sent by WESLEY HENRIQUE ARAUJO MONTE from IP 192.168.15.4</message>
</record>
