<?xml version="1.0" encoding="UTF-8" standalone="no"?>
<!DOCTYPE log SYSTEM "logger.dtd">
<log>
<record>
  <date>2018-07-09T16:17:16.582-0300</date>
  <logger>MATHEUS SILVA MEDEIROS</logger>
  <level>FINE</level>
  <message>File 117110412-MATHEUS SILVA MEDEIROS.zip was received. It was sent by MATHEUS SILVA MEDEIROS from IP 192.168.10.108</message>
</record>
</log>
<?xml version="1.0" encoding="UTF-8" standalone="no"?>
<!DOCTYPE log SYSTEM "logger.dtd">
<log>
<record>
  <date>2018-07-10T13:12:36.174-0300</date>
  <logger>MATHEUS SILVA MEDEIROS</logger>
  <level>FINE</level>
  <message>File 117110412-MATHEUS SILVA MEDEIROS.zip was received. It was sent by MATHEUS SILVA MEDEIROS from IP 192.168.0.102</message>
</record>
</log>
<?xml version="1.0" encoding="UTF-8" standalone="no"?>
<!DOCTYPE log SYSTEM "logger.dtd">
<log>
<record>
  <date>2018-07-11T15:16:31.030-0300</date>
  <logger>MATHEUS SILVA MEDEIROS</logger>
  <level>FINE</level>
  <message>File 117110412-MATHEUS SILVA MEDEIROS.zip was received. It was sent by MATHEUS SILVA MEDEIROS from IP 192.168.0.102</message>
</record>
</log>
<?xml version="1.0" encoding="UTF-8" standalone="no"?>
<!DOCTYPE log SYSTEM "logger.dtd">
<log>
<record>
  <date>2018-07-11T15:52:33.312-0300</date>
  <logger>MATHEUS SILVA MEDEIROS</logger>
  <level>FINE</level>
  <message>File 117110412-MATHEUS SILVA MEDEIROS.zip was received. It was sent by MATHEUS SILVA MEDEIROS from IP 192.168.10.108</message>
</record>
