<?xml version="1.0" encoding="UTF-8" standalone="no"?>
<!DOCTYPE log SYSTEM "logger.dtd">
<log>
<record>
  <date>2018-06-07T14:11:26.698-0300</date>
  <logger>WESLEY HENRIQUE ARAUJO MONTE</logger>
  <level>FINE</level>
  <message>File 117110739-WESLEY HENRIQUE ARAUJO MONTE.zip was received. It was sent by WESLEY HENRIQUE ARAUJO MONTE from IP 150.165.42.151</message>
</record>
</log>
<?xml version="1.0" encoding="UTF-8" standalone="no"?>
<!DOCTYPE log SYSTEM "logger.dtd">
<log>
<record>
  <date>2018-06-08T22:10:33.764-0300</date>
  <logger>WESLEY HENRIQUE ARAUJO MONTE</logger>
  <level>FINE</level>
  <message>File 117110739-WESLEY HENRIQUE ARAUJO MONTE.zip was received. It was sent by WESLEY HENRIQUE ARAUJO MONTE from IP 192.168.15.3</message>
</record>
</log>
<?xml version="1.0" encoding="UTF-8" standalone="no"?>
<!DOCTYPE log SYSTEM "logger.dtd">
<log>
<record>
  <date>2018-06-08T22:31:28.517-0300</date>
  <logger>WESLEY HENRIQUE ARAUJO MONTE</logger>
  <level>FINE</level>
  <message>File 117110739-WESLEY HENRIQUE ARAUJO MONTE.zip was received. It was sent by WESLEY HENRIQUE ARAUJO MONTE from IP 192.168.15.3</message>
</record>
</log>
<?xml version="1.0" encoding="UTF-8" standalone="no"?>
<!DOCTYPE log SYSTEM "logger.dtd">
<log>
<record>
  <date>2018-06-09T13:47:09.411-0300</date>
  <logger>WESLEY HENRIQUE ARAUJO MONTE</logger>
  <level>FINE</level>
  <message>File 117110739-WESLEY HENRIQUE ARAUJO MONTE.zip was received. It was sent by WESLEY HENRIQUE ARAUJO MONTE from IP 192.168.15.3</message>
</record>
