<?xml version="1.0" encoding="UTF-8" standalone="no"?>
<!DOCTYPE log SYSTEM "logger.dtd">
<log>
<record>
  <date>2018-06-04T16:08:07.115-0300</date>
  <logger>WESLEY HENRIQUE ARAUJO MONTE</logger>
  <level>FINE</level>
  <message>File 117110739-WESLEY HENRIQUE ARAUJO MONTE.zip was received. It was sent by WESLEY HENRIQUE ARAUJO MONTE from IP 150.165.42.216</message>
</record>
</log>
<?xml version="1.0" encoding="UTF-8" standalone="no"?>
<!DOCTYPE log SYSTEM "logger.dtd">
<log>
<record>
  <date>2018-06-05T23:26:22.344-0300</date>
  <logger>WESLEY HENRIQUE ARAUJO MONTE</logger>
  <level>FINE</level>
  <message>File 117110739-WESLEY HENRIQUE ARAUJO MONTE.zip was received. It was sent by WESLEY HENRIQUE ARAUJO MONTE from IP 192.168.15.3</message>
</record>
</log>
<?xml version="1.0" encoding="UTF-8" standalone="no"?>
<!DOCTYPE log SYSTEM "logger.dtd">
<log>
<record>
  <date>2018-06-06T00:19:04.950-0300</date>
  <logger>WESLEY HENRIQUE ARAUJO MONTE</logger>
  <level>FINE</level>
  <message>File 117110739-WESLEY HENRIQUE ARAUJO MONTE.zip was received. It was sent by WESLEY HENRIQUE ARAUJO MONTE from IP 192.168.15.3</message>
</record>
