<?xml version="1.0" encoding="UTF-8" standalone="no"?>
<!DOCTYPE log SYSTEM "logger.dtd">
<log>
<record>
  <date>2018-04-26T14:10:09.241-0300</date>
  <logger>WESLEY HENRIQUE ARAUJO MONTE</logger>
  <level>FINE</level>
  <message>File 117110739-WESLEY HENRIQUE ARAUJO MONTE.zip was received. It was sent by WESLEY HENRIQUE ARAUJO MONTE from IP 150.165.42.170</message>
</record>
</log>
<?xml version="1.0" encoding="UTF-8" standalone="no"?>
<!DOCTYPE log SYSTEM "logger.dtd">
<log>
<record>
  <date>2018-04-26T15:22:43.496-0300</date>
  <logger>WESLEY HENRIQUE ARAUJO MONTE</logger>
  <level>FINE</level>
  <message>File 117110739-WESLEY HENRIQUE ARAUJO MONTE.zip was received. It was sent by WESLEY HENRIQUE ARAUJO MONTE from IP 150.165.42.170</message>
</record>
</log>
<?xml version="1.0" encoding="UTF-8" standalone="no"?>
<!DOCTYPE log SYSTEM "logger.dtd">
<log>
<record>
  <date>2018-04-26T15:42:24.415-0300</date>
  <logger>WESLEY HENRIQUE ARAUJO MONTE</logger>
  <level>FINE</level>
  <message>File 117110739-WESLEY HENRIQUE ARAUJO MONTE.zip was received. It was sent by WESLEY HENRIQUE ARAUJO MONTE from IP 150.165.42.170</message>
</record>
</log>
<?xml version="1.0" encoding="UTF-8" standalone="no"?>
<!DOCTYPE log SYSTEM "logger.dtd">
<log>
<record>
  <date>2018-04-27T20:37:28.620-0300</date>
  <logger>WESLEY HENRIQUE ARAUJO MONTE</logger>
  <level>FINE</level>
  <message>File 117110739-WESLEY HENRIQUE ARAUJO MONTE.zip was received. It was sent by WESLEY HENRIQUE ARAUJO MONTE from IP 192.168.15.3</message>
</record>
</log>
<?xml version="1.0" encoding="UTF-8" standalone="no"?>
<!DOCTYPE log SYSTEM "logger.dtd">
<log>
<record>
  <date>2018-05-03T14:23:42.486-0300</date>
  <logger>WESLEY HENRIQUE ARAUJO MONTE</logger>
  <level>FINE</level>
  <message>File 117110739-WESLEY HENRIQUE ARAUJO MONTE.zip was received. It was sent by WESLEY HENRIQUE ARAUJO MONTE from IP 150.165.42.171</message>
</record>
</log>
<?xml version="1.0" encoding="UTF-8" standalone="no"?>
<!DOCTYPE log SYSTEM "logger.dtd">
<log>
<record>
  <date>2018-05-04T18:06:51.594-0300</date>
  <logger>WESLEY HENRIQUE ARAUJO MONTE</logger>
  <level>FINE</level>
  <message>File 117110739-WESLEY HENRIQUE ARAUJO MONTE.zip was received. It was sent by WESLEY HENRIQUE ARAUJO MONTE from IP 192.168.15.3</message>
</record>
